2024-03-30 01:05:00,146 - Using device: cuda
2024-03-30 01:05:00,146 - 
 Time start: 1711735500

2024-03-30 01:05:00,146 - 
Epoch: 1

2024-03-30 01:05:00,147 - Using device: cuda
2024-03-30 01:05:00,147 - 
 Time start: 1711735500

2024-03-30 01:05:00,147 - 
Epoch: 1

2024-03-30 01:05:01,172 - 
Epoch: 1/1 Training Loss: 0.6970 Eval Loss: 0.6840 Accuracy: 0.5848 Ram: 67.1000 CPU: 0.0000
2024-03-30 01:05:01,172 - 
 Time end: 1711735501

2024-03-30 01:05:01,184 - 
Epoch: 1/1 Training Loss: 0.6858 Eval Loss: 0.6875 Accuracy: 0.5446 Ram: 67.1000 CPU: 0.0000
2024-03-30 01:05:01,184 - 
 Time end: 1711735501

2024-03-30 01:05:18,873 - Using device: cuda
2024-03-30 01:05:18,873 - 
 Time start: 1711735518

2024-03-30 01:05:18,873 - 
Epoch: 1

2024-03-30 01:05:19,049 - Using device: cuda
2024-03-30 01:05:19,049 - 
 Time start: 1711735519

2024-03-30 01:05:19,049 - 
Epoch: 1

2024-03-30 01:05:19,689 - 
Epoch: 1/1 Training Loss: 0.6630 Eval Loss: 0.6769 Accuracy: 0.6317 Ram: 67.3000 CPU: 3.2000
2024-03-30 01:05:19,689 - 
 Time end: 1711735519

2024-03-30 01:05:19,694 - 
Epoch: 1/1 Training Loss: 0.6778 Eval Loss: 0.6804 Accuracy: 0.5915 Ram: 67.2000 CPU: 3.2000
2024-03-30 01:05:19,694 - 
 Time end: 1711735519

2024-03-30 01:05:38,904 - Using device: cuda
2024-03-30 01:05:38,904 - 
 Time start: 1711735538

2024-03-30 01:05:38,904 - 
Epoch: 1

2024-03-30 01:05:39,038 - Using device: cuda
2024-03-30 01:05:39,038 - 
 Time start: 1711735539

2024-03-30 01:05:39,038 - 
Epoch: 1

2024-03-30 01:05:39,669 - 
Epoch: 1/1 Training Loss: 0.6568 Eval Loss: 0.6681 Accuracy: 0.6339 Ram: 67.4000 CPU: 2.9000
2024-03-30 01:05:39,670 - 
 Time end: 1711735539

2024-03-30 01:05:39,691 - 
Epoch: 1/1 Training Loss: 0.6755 Eval Loss: 0.6672 Accuracy: 0.6585 Ram: 67.4000 CPU: 2.9000
2024-03-30 01:05:39,692 - 
 Time end: 1711735539

