2024-03-24 02:30:49,914 - Using device: cpu
2024-03-24 02:30:49,914 - 
 Time start: 1711222249

2024-03-24 02:30:49,914 - 
Epoch: 1

2024-03-24 02:30:49,917 - Using device: cpu
2024-03-24 02:30:49,917 - 
 Time start: 1711222249

2024-03-24 02:30:49,918 - 
Epoch: 1

2024-03-24 02:33:00,816 - 
Epoch: 1/1 Training Loss: 0.0710 Eval Loss: 0.0278 Accuracy: 0.9911 Ram: 65.8000 CPU: 0.0000
2024-03-24 02:33:00,816 - 
 Time end: 1711222380

2024-03-24 02:33:01,135 - 
Epoch: 1/1 Training Loss: 0.0147 Eval Loss: 0.0167 Accuracy: 0.9952 Ram: 65.9000 CPU: 0.0000
2024-03-24 02:33:01,135 - 
 Time end: 1711222381

2024-03-24 02:33:37,572 - Using device: cpu
2024-03-24 02:33:37,572 - 
 Time start: 1711222417

2024-03-24 02:33:37,572 - 
Epoch: 1

2024-03-24 02:33:37,577 - Using device: cpu
2024-03-24 02:33:37,577 - 
 Time start: 1711222417

2024-03-24 02:33:37,577 - 
Epoch: 1

2024-03-24 02:35:49,240 - 
Epoch: 1/1 Training Loss: 0.0117 Eval Loss: 0.0147 Accuracy: 0.9955 Ram: 66.1000 CPU: 45.7000
2024-03-24 02:35:49,240 - 
 Time end: 1711222549

2024-03-24 02:35:49,480 - 
Epoch: 1/1 Training Loss: 0.0526 Eval Loss: 0.0163 Accuracy: 0.9948 Ram: 66.1000 CPU: 45.7000
2024-03-24 02:35:49,480 - 
 Time end: 1711222549

2024-03-24 02:36:25,728 - Using device: cpu
2024-03-24 02:36:25,728 - 
 Time start: 1711222585

2024-03-24 02:36:25,728 - 
Epoch: 1

2024-03-24 02:36:25,733 - Using device: cpu
2024-03-24 02:36:25,733 - 
 Time start: 1711222585

2024-03-24 02:36:25,733 - 
Epoch: 1

2024-03-24 02:38:37,802 - 
Epoch: 1/1 Training Loss: 0.0069 Eval Loss: 0.0163 Accuracy: 0.9946 Ram: 66.3000 CPU: 46.0000
2024-03-24 02:38:37,802 - 
 Time end: 1711222717

2024-03-24 02:38:38,545 - 
Epoch: 1/1 Training Loss: 0.0273 Eval Loss: 0.0150 Accuracy: 0.9957 Ram: 66.4000 CPU: 46.0000
2024-03-24 02:38:38,545 - 
 Time end: 1711222718

