2024-03-25 00:21:14,975 - Using device: cpu
2024-03-25 00:21:14,976 - Using device: cpu
2024-03-25 00:21:14,976 - 
 Time start: 1711300874

2024-03-25 00:21:14,976 - 
 Time start: 1711300874

2024-03-25 00:21:14,976 - 
Epoch: 1

2024-03-25 00:21:14,976 - 
Epoch: 1

2024-03-25 00:21:59,116 - 
Epoch: 1/1 Training Loss: 0.6807 Eval Loss: 0.6775 Accuracy: 0.6534 Ram: 47.5000 CPU: 0.0000
2024-03-25 00:21:59,116 - 
 Time end: 1711300919

2024-03-25 00:21:59,220 - 
Epoch: 1/1 Training Loss: 0.6709 Eval Loss: 0.6777 Accuracy: 0.6310 Ram: 47.6000 CPU: 0.0000
2024-03-25 00:21:59,220 - 
 Time end: 1711300919

2024-03-25 00:22:35,112 - Using device: cpu
2024-03-25 00:22:35,112 - 
 Time start: 1711300955

2024-03-25 00:22:35,112 - 
Epoch: 1

2024-03-25 00:22:35,113 - Using device: cpu
2024-03-25 00:22:35,114 - 
 Time start: 1711300955

2024-03-25 00:22:35,114 - 
Epoch: 1

2024-03-25 00:23:20,482 - 
Epoch: 1/1 Training Loss: 0.6802 Eval Loss: 0.6730 Accuracy: 0.6062 Ram: 47.7000 CPU: 31.2000
2024-03-25 00:23:20,483 - 
 Time end: 1711301000

2024-03-25 00:23:20,580 - 
Epoch: 1/1 Training Loss: 0.6831 Eval Loss: 0.6760 Accuracy: 0.6111 Ram: 47.8000 CPU: 31.2000
2024-03-25 00:23:20,581 - 
 Time end: 1711301000

2024-03-25 00:23:56,200 - Using device: cpu
2024-03-25 00:23:56,200 - Using device: cpu
2024-03-25 00:23:56,200 - 
 Time start: 1711301036

2024-03-25 00:23:56,200 - 
 Time start: 1711301036

2024-03-25 00:23:56,201 - 
Epoch: 1

2024-03-25 00:23:56,201 - 
Epoch: 1

2024-03-25 00:24:41,694 - 
Epoch: 1/1 Training Loss: 0.6724 Eval Loss: 0.6759 Accuracy: 0.5878 Ram: 47.8000 CPU: 31.7000
2024-03-25 00:24:41,694 - 
 Time end: 1711301081

2024-03-25 00:24:42,154 - 
Epoch: 1/1 Training Loss: 0.6832 Eval Loss: 0.6771 Accuracy: 0.5582 Ram: 47.9000 CPU: 31.8000
2024-03-25 00:24:42,154 - 
 Time end: 1711301082

