2024-03-22 01:24:56,560 - Using device: cpu
2024-03-22 01:24:56,561 - 
 Time start: 1711045496

2024-03-22 01:24:56,561 - 
Epoch: 1

2024-03-22 01:25:37,541 - 
Epoch: 1/10 Training Loss: 0.0001 Eval Loss: 0.0000 Accuracy: 1.0000 Ram: 43.2000 CPU: 92.2000
2024-03-22 01:25:37,541 - 
Epoch: 2

2024-03-22 01:26:16,003 - 
Epoch: 2/10 Training Loss: 0.0000 Eval Loss: 0.0000 Accuracy: 1.0000 Ram: 43.0000 CPU: 98.7000
2024-03-22 01:26:16,004 - 
Epoch: 3

2024-03-22 01:28:15,903 - Using device: cpu
2024-03-22 01:28:15,903 - 
 Time start: 1711045695

2024-03-22 01:28:15,903 - 
Epoch: 1

2024-03-22 01:29:01,671 - 
Epoch: 1/1 Training Loss: 0.0001 Eval Loss: 0.0000 Accuracy: 1.0000 Ram: 43.3000 CPU: 91.8000
2024-03-22 01:29:01,671 - 
 Time end: 1711045741

2024-03-22 01:29:47,609 - Using device: cpu
2024-03-22 01:29:47,609 - 
 Time start: 1711045787

2024-03-22 01:29:47,609 - 
Epoch: 1

2024-03-22 01:30:26,687 - 
Epoch: 1/1 Training Loss: 0.0001 Eval Loss: 0.0000 Accuracy: 1.0000 Ram: 43.0000 CPU: 94.6000
2024-03-22 01:30:26,687 - 
 Time end: 1711045826

2024-03-22 01:34:16,868 - Using device: cpu
2024-03-22 01:34:16,868 - 
 Time start: 1711046056

2024-03-22 01:34:16,868 - 
Epoch: 1

2024-03-22 01:34:51,007 - 
Epoch: 1/1 Training Loss: 0.0002 Eval Loss: 0.0001 Accuracy: 1.0000 Ram: 42.7000 CPU: 93.6000
2024-03-22 01:34:51,007 - 
 Time end: 1711046091

2024-03-22 01:41:56,675 - Using device: cpu
2024-03-22 01:41:56,675 - 
 Time start: 1711046516

2024-03-22 01:41:56,676 - 
Epoch: 1

2024-03-22 01:42:37,081 - 
Epoch: 1/1 Training Loss: 0.0001 Eval Loss: 0.0000 Accuracy: 1.0000 Ram: 43.2000 CPU: 93.9000
2024-03-22 01:42:37,081 - 
 Time end: 1711046557

2024-03-22 01:42:37,083 - Using device: cpu
2024-03-22 01:42:37,083 - 
 Time start: 1711046557

2024-03-22 01:42:37,083 - 
Epoch: 1

2024-03-22 01:43:56,278 - Using device: cpu
2024-03-22 01:43:56,278 - 
 Time start: 1711046636

2024-03-22 01:43:56,278 - 
Epoch: 1

2024-03-22 01:44:33,841 - 
Epoch: 1/1 Training Loss: 0.0001 Eval Loss: 0.0001 Accuracy: 1.0000 Ram: 43.3000 CPU: 93.8000
2024-03-22 01:44:33,841 - 
 Time end: 1711046673

2024-03-22 02:01:48,287 - Using device: cpu
2024-03-22 02:01:48,288 - 
 Time start: 1711047708

2024-03-22 02:01:48,288 - 
Epoch: 1

2024-03-22 02:01:48,288 - Using device: cpu
2024-03-22 02:01:48,289 - 
 Time start: 1711047708

2024-03-22 02:01:48,289 - 
Epoch: 1

2024-03-22 02:04:02,960 - 
Epoch: 1/1 Training Loss: 0.0001 Eval Loss: 0.0001 Accuracy: 1.0000 Ram: 58.7000 CPU: 0.0000
2024-03-22 02:04:02,961 - 
 Time end: 1711047842

2024-03-22 02:04:03,578 - 
Epoch: 1/1 Training Loss: 0.0001 Eval Loss: 0.0000 Accuracy: 1.0000 Ram: 58.9000 CPU: 0.0000
2024-03-22 02:04:03,579 - 
 Time end: 1711047843

2024-03-22 02:04:39,567 - Using device: cpu
2024-03-22 02:04:39,568 - 
 Time start: 1711047879

2024-03-22 02:04:39,568 - 
Epoch: 1

2024-03-22 02:04:39,588 - Using device: cpu
2024-03-22 02:04:39,590 - 
 Time start: 1711047879

2024-03-22 02:04:39,590 - 
Epoch: 1

2024-03-22 02:06:43,360 - 
Epoch: 1/1 Training Loss: 0.0001 Eval Loss: 0.0001 Accuracy: 1.0000 Ram: 59.0000 CPU: 40.4000
2024-03-22 02:06:43,361 - 
 Time end: 1711048003

2024-03-22 02:06:44,273 - 
Epoch: 1/1 Training Loss: 0.0002 Eval Loss: 0.0000 Accuracy: 1.0000 Ram: 59.0000 CPU: 40.4000
2024-03-22 02:06:44,273 - 
 Time end: 1711048004

2024-03-22 02:28:30,191 - Using device: cpu
2024-03-22 02:28:30,191 - 
 Time start: 1711049310

2024-03-22 02:28:30,192 - 
Epoch: 1

2024-03-22 02:28:30,217 - Using device: cpu
2024-03-22 02:28:30,217 - 
 Time start: 1711049310

2024-03-22 02:28:30,217 - 
Epoch: 1

2024-03-22 02:29:50,556 - 
Epoch: 1/1 Training Loss: 0.0001 Eval Loss: 0.0001 Accuracy: 1.0000 Ram: 60.1000 CPU: 0.0000
2024-03-22 02:29:50,557 - 
 Time end: 1711049390

2024-03-22 02:29:50,630 - 
Epoch: 1/1 Training Loss: 0.0001 Eval Loss: 0.0000 Accuracy: 1.0000 Ram: 59.7000 CPU: 0.0000
2024-03-22 02:29:50,630 - 
 Time end: 1711049390

2024-03-22 02:30:26,786 - Using device: cpu
2024-03-22 02:30:26,787 - 
 Time start: 1711049426

2024-03-22 02:30:26,787 - 
Epoch: 1

2024-03-22 02:30:26,791 - Using device: cpu
2024-03-22 02:30:26,791 - 
 Time start: 1711049426

2024-03-22 02:30:26,791 - 
Epoch: 1

2024-03-22 02:31:49,731 - 
Epoch: 1/1 Training Loss: 0.0003 Eval Loss: 0.0000 Accuracy: 1.0000 Ram: 60.3000 CPU: 38.1000
2024-03-22 02:31:49,731 - 
 Time end: 1711049509

2024-03-22 02:31:49,807 - 
Epoch: 1/1 Training Loss: 0.0001 Eval Loss: 0.0000 Accuracy: 1.0000 Ram: 60.4000 CPU: 38.1000
2024-03-22 02:31:49,807 - 
 Time end: 1711049509

2024-03-22 13:57:31,197 - Using device: cpu
2024-03-22 13:57:31,198 - 
 Time start: 1711090651

2024-03-22 13:57:31,198 - 
Epoch: 1

2024-03-22 14:02:46,890 - 
Epoch: 1/1 Training Loss: 0.0000 Eval Loss: 0.0000 Accuracy: 1.0000 Ram: 62.9000 CPU: 92.8000
2024-03-22 14:02:46,890 - 
 Time end: 1711090966

2024-03-22 14:14:56,102 - Using device: cpu
2024-03-22 14:14:56,102 - 
 Time start: 1711091696

2024-03-22 14:14:56,102 - 
Epoch: 1

2024-03-22 14:19:54,081 - 
Epoch: 1/1 Training Loss: 0.0000 Eval Loss: 0.0000 Accuracy: 1.0000 Ram: 62.1000 CPU: 95.3000
2024-03-22 14:19:54,081 - 
 Time end: 1711091994

2024-03-22 16:23:23,272 - Using device: cpu
2024-03-22 16:23:23,272 - 
 Time start: 1711099403

2024-03-22 16:23:23,273 - 
Epoch: 1

2024-03-22 16:33:26,916 - Using device: cpu
2024-03-22 16:33:26,916 - 
 Time start: 1711100006

2024-03-22 16:33:26,916 - 
Epoch: 1

2024-03-22 16:36:16,760 - Using device: cpu
2024-03-22 16:36:16,761 - 
 Time start: 1711100176

2024-03-22 16:36:16,761 - 
Epoch: 1

2024-03-22 16:37:03,154 - Using device: cpu
2024-03-22 16:37:03,154 - 
 Time start: 1711100223

2024-03-22 16:37:03,154 - 
Epoch: 1

